c:\users\gonzalo\desktop\upcagar.io - 19-02-2019\upcagar.io - laptop\upcagar.io\debug\vc141.pdb
c:\users\gonzalo\desktop\upcagar.io - 19-02-2019\upcagar.io - laptop\upcagar.io\debug\.netframework,version=v4.6.1.assemblyattributes.obj
c:\users\gonzalo\desktop\upcagar.io - 19-02-2019\upcagar.io - laptop\upcagar.io\debug\.netframework,version=v4.6.1.assemblyattributes.asm
c:\users\gonzalo\desktop\upcagar.io - 19-02-2019\upcagar.io - laptop\upcagar.io\debug\myform.obj
c:\users\gonzalo\desktop\upcagar.io - 19-02-2019\upcagar.io - laptop\debug\upcagar.io.exe
c:\users\gonzalo\desktop\upcagar.io - 19-02-2019\upcagar.io - laptop\debug\upcagar.io.pdb
c:\users\gonzalo\desktop\upcagar.io - 19-02-2019\upcagar.io - laptop\upcagar.io\debug\upcagario.myform.resources
c:\users\gonzalo\desktop\upcagar.io - 19-02-2019\upcagar.io - laptop\upcagar.io\debug\upcagar.io.vcxproj.generateresource.cache
c:\users\gonzalo\desktop\upcagar.io - 19-02-2019\upcagar.io - laptop\upcagar.io\debug\upcagar.io.vcxprojassemblyreference.cache
c:\users\gonzalo\desktop\upcagar.io - 19-02-2019\upcagar.io - laptop\upcagar.io\debug\upcagar.io.vcxprojresolveassemblyreference.cache
c:\users\gonzalo\desktop\upcagar.io - 19-02-2019\upcagar.io - laptop\upcagar.io\debug\upcagar.io.tlog\cl.command.1.tlog
c:\users\gonzalo\desktop\upcagar.io - 19-02-2019\upcagar.io - laptop\upcagar.io\debug\upcagar.io.tlog\cl.read.1.tlog
c:\users\gonzalo\desktop\upcagar.io - 19-02-2019\upcagar.io - laptop\upcagar.io\debug\upcagar.io.tlog\cl.write.1.tlog
c:\users\gonzalo\desktop\upcagar.io - 19-02-2019\upcagar.io - laptop\upcagar.io\debug\upcagar.io.tlog\link.command.1.tlog
c:\users\gonzalo\desktop\upcagar.io - 19-02-2019\upcagar.io - laptop\upcagar.io\debug\upcagar.io.tlog\link.read.1.tlog
c:\users\gonzalo\desktop\upcagar.io - 19-02-2019\upcagar.io - laptop\upcagar.io\debug\upcagar.io.tlog\link.write.1.tlog
c:\users\gonzalo\desktop\upcagar.io - 19-02-2019\upcagar.io - laptop\upcagar.io\debug\upcagar.io.tlog\metagen.read.1.tlog
c:\users\gonzalo\desktop\upcagar.io - 19-02-2019\upcagar.io - laptop\upcagar.io\debug\upcagar.io.tlog\metagen.write.1.tlog
c:\users\gonzalo\desktop\upcagar.io - 19-02-2019\upcagar.io - laptop\upcagar.io\debug\upcagar.io.tlog\upcagar.io.write.1u.tlog
c:\users\gonzalo\desktop\upcagar.io - 19-02-2019\upcagar.io - laptop\upcagar.io\debug\upcagar.io.tlog\rsaenh.dll.bi
c:\users\gonzalo\desktop\upcagar.io - 19-02-2019\upcagar.io - laptop\upcagar.io\debug\upcagar.io.tlog\tzres.dll.bi
